<?xml version="1.0" encoding="UTF-8"?>
<!-- Generated by org.testng.reporters.JUnitReportReporter -->
<testsuite hostname="Abi-PC" failures="1" tests="1" name="com.test.MailAccess.bdd.runner.CucumberRunner" time="20.584" errors="0" timestamp="2023-02-02T19:52:36 IST" skipped="0">
  <testcase classname="com.test.MailAccess.bdd.runner.CucumberRunner" name="runScenario" time="20.584">
    <failure message="expected [true] but found [false]" type="java.lang.AssertionError">
      <![CDATA[java.lang.AssertionError: expected [true] but found [false]
at org.testng.Assert.fail(Assert.java:110)
at org.testng.Assert.failNotEquals(Assert.java:1577)
at org.testng.Assert.assertTrue(Assert.java:56)
at org.testng.Assert.assertTrue(Assert.java:66)
at com.test.MailAccess.bdd.common.CommonLibrary_BDD.compareText(CommonLibrary_BDD.java:207)
at com.test.MailAccess.bdd.stepdefs.LoginTest_Outlook_BDD_Steps.verifyAccName(LoginTest_Outlook_BDD_Steps.java:72)
at ✽.User checks the account name as "sa.saran@outlook.com"(file:///G:/Recovered/Downloads/Softwares/Eclipse/Workspaces/Test2/MailAccessBDD/src/test/resources/features/outlooklogin.feature:15)
]]>
    </failure>
  </testcase> <!-- runScenario -->
  <system-out/>
</testsuite> <!-- com.test.MailAccess.bdd.runner.CucumberRunner -->
