<?xml version="1.0" encoding="UTF-8"?>
<testsuite xmlns:xsi="http://www.w3.org/2001/XMLSchema-instance" xsi:noNamespaceSchemaLocation="https://maven.apache.org/surefire/maven-surefire-plugin/xsd/surefire-test-report-3.0.xsd" version="3.0" name="com.test.MailAccess.bdd.runner.CucumberRunner" time="10.25" tests="1" errors="0" skipped="0" failures="1">
  <properties>
[...]
</properties>
  <testcase name="runScenario[&quot;Login with valid credentials&quot;, &quot;Login&quot;](1)" classname="com.test.MailAccess.bdd.runner.CucumberRunner" time="8.256">
    <failure message="Step [^User enters Username as &quot;([^&quot;]*)&quot; and Password as &quot;([^&quot;]*)&quot;$] is defined with 3 parameters at &apos;com.test.MailAccess.bdd.stepdefs.LoginTest_Outlook_BDD_Steps.enterUserName(java.lang.String,java.lang.String,io.cucumber.java.Scenario)&apos;.&#10;However, the gherkin step has 2 arguments:&#10; * sa.sarvan@outlook.com&#10; * Abinav4413&#10;Step text: User enters Username as &quot;sa.sarvan@outlook.com&quot; and Password as &quot;Abinav4413&quot;" type="io.cucumber.core.exception.CucumberException"><![CDATA[io.cucumber.core.exception.CucumberException: 
Step [^User enters Username as "([^"]*)" and Password as "([^"]*)"$] is defined with 3 parameters at 'com.test.MailAccess.bdd.stepdefs.LoginTest_Outlook_BDD_Steps.enterUserName(java.lang.String,java.lang.String,io.cucumber.java.Scenario)'.
However, the gherkin step has 2 arguments:
 * sa.sarvan@outlook.com
 * Abinav4413
Step text: User enters Username as "sa.sarvan@outlook.com" and Password as "Abinav4413"
	at io.cucumber.core.runner.PickleStepDefinitionMatch.arityMismatch(PickleStepDefinitionMatch.java:83)
	at io.cucumber.core.runner.PickleStepDefinitionMatch.runStep(PickleStepDefinitionMatch.java:42)
	at io.cucumber.core.runner.ExecutionMode$1.execute(ExecutionMode.java:10)
	at io.cucumber.core.runner.TestStep.executeStep(TestStep.java:84)
	at io.cucumber.core.runner.TestStep.run(TestStep.java:56)
	at io.cucumber.core.runner.PickleStepTestStep.run(PickleStepTestStep.java:51)
	at io.cucumber.core.runner.TestCase.run(TestCase.java:84)
	at io.cucumber.core.runner.Runner.runPickle(Runner.java:75)
	at io.cucumber.testng.TestNGCucumberRunner.lambda$runScenario$1(TestNGCucumberRunner.java:132)
	at io.cucumber.core.runtime.CucumberExecutionContext.lambda$runTestCase$5(CucumberExecutionContext.java:130)
	at io.cucumber.core.runtime.RethrowingThrowableCollector.executeAndThrow(RethrowingThrowableCollector.java:23)
	at io.cucumber.core.runtime.CucumberExecutionContext.runTestCase(CucumberExecutionContext.java:130)
	at io.cucumber.testng.TestNGCucumberRunner.runScenario(TestNGCucumberRunner.java:129)
	at io.cucumber.testng.AbstractTestNGCucumberTests.runScenario(AbstractTestNGCucumberTests.java:35)
	at java.base/jdk.internal.reflect.NativeMethodAccessorImpl.invoke0(Native Method)
	at java.base/jdk.internal.reflect.NativeMethodAccessorImpl.invoke(NativeMethodAccessorImpl.java:62)
	at java.base/jdk.internal.reflect.DelegatingMethodAccessorImpl.invoke(DelegatingMethodAccessorImpl.java:43)
	at java.base/java.lang.reflect.Method.invoke(Method.java:564)
	at org.testng.internal.invokers.MethodInvocationHelper.invokeMethod(MethodInvocationHelper.java:139)
	at org.testng.internal.invokers.TestInvoker.invokeMethod(TestInvoker.java:677)
	at org.testng.internal.invokers.TestInvoker.invokeTestMethod(TestInvoker.java:221)
	at org.testng.internal.invokers.MethodRunner.runInSequence(MethodRunner.java:50)
	at org.testng.internal.invokers.TestInvoker$MethodInvocationAgent.invoke(TestInvoker.java:969)
	at org.testng.internal.invokers.TestInvoker.invokeTestMethods(TestInvoker.java:194)
	at org.testng.internal.invokers.TestMethodWorker.invokeTestMethods(TestMethodWorker.java:148)
	at org.testng.internal.invokers.TestMethodWorker.run(TestMethodWorker.java:128)
	at java.base/java.util.ArrayList.forEach(ArrayList.java:1511)
	at org.testng.TestRunner.privateRun(TestRunner.java:829)
	at org.testng.TestRunner.run(TestRunner.java:602)
	at org.testng.SuiteRunner.runTest(SuiteRunner.java:437)
	at org.testng.SuiteRunner.runSequentially(SuiteRunner.java:431)
	at org.testng.SuiteRunner.privateRun(SuiteRunner.java:391)
	at org.testng.SuiteRunner.run(SuiteRunner.java:330)
	at org.testng.SuiteRunnerWorker.runSuite(SuiteRunnerWorker.java:52)
	at org.testng.SuiteRunnerWorker.run(SuiteRunnerWorker.java:95)
	at org.testng.TestNG.runSuitesSequentially(TestNG.java:1256)
	at org.testng.TestNG.runSuitesLocally(TestNG.java:1176)
	at org.testng.TestNG.runSuites(TestNG.java:1099)
	at org.testng.TestNG.run(TestNG.java:1067)
	at org.apache.maven.surefire.testng.TestNGExecutor.run(TestNGExecutor.java:151)
	at org.apache.maven.surefire.testng.TestNGDirectoryTestSuite.executeSingleClass(TestNGDirectoryTestSuite.java:111)
	at org.apache.maven.surefire.testng.TestNGDirectoryTestSuite.execute(TestNGDirectoryTestSuite.java:98)
	at org.apache.maven.surefire.testng.TestNGProvider.invoke(TestNGProvider.java:155)
	at org.apache.maven.surefire.booter.ForkedBooter.runSuitesInProcess(ForkedBooter.java:456)
	at org.apache.maven.surefire.booter.ForkedBooter.execute(ForkedBooter.java:169)
	at org.apache.maven.surefire.booter.ForkedBooter.run(ForkedBooter.java:595)
	at org.apache.maven.surefire.booter.ForkedBooter.main(ForkedBooter.java:581)
]]></failure>
    <system-out><![CDATA[
@outlook
Scenario Outline: Login with valid credentials                                      # src/test/resources/features/outlooklogin.feature:23
2023-02-02 19:41:28,481 - com.test.MailAccess.bdd.common.CommonLibrary_BDD -INFO - Initialized...
2023-02-02 19:41:28,556 - com.test.MailAccess.bdd.common.CommonLibrary_BDD -INFO - Launching browser...
2023-02-02 19:41:28,893 - io.github.bonigarcia.wdm.WebDriverManager -INFO - Using chromedriver 109.0.5414.74 (resolved driver for Chrome 109)
2023-02-02 19:41:28,925 - io.github.bonigarcia.wdm.WebDriverManager -INFO - Exporting webdriver.chrome.driver as C:\Users\Abi\.cache\selenium\chromedriver\win32\109.0.5414.74\chromedriver.exe
2023-02-02 19:41:32,549 - com.test.MailAccess.bdd.common.CommonLibrary_BDD -INFO - Chrome browser launched...
  Given User launches browser                                                       # com.test.MailAccess.bdd.common.CommonLibrary_BDD.launchBrowser()
2023-02-02 19:41:32,696 - com.test.MailAccess.bdd.common.CommonLibrary_BDD -INFO - Navigating to the Url - https://outlook.live.com/owa/...
  When User navigates to "https://outlook.live.com/owa/" page                       # com.test.MailAccess.bdd.common.CommonLibrary_BDD.launchUrl(java.lang.String)
2023-02-02 19:41:33,990 - com.test.MailAccess.bdd.common.CommonLibrary_BDD -INFO - initialized from LoginTest_Outlook_BDD_Steps...
2023-02-02 19:41:34,017 - com.test.MailAccess.bdd.common.CommonLibrary_BDD -INFO - Clicking the element [[ChromeDriver: chrome on WINDOWS (2bb7d2e6558c6fc44bf9bce6d65a260c)] -> xpath: (//*[@class='internal sign-in-link'])[2]]...
  And User clicks on Outlook SignIn button                                          # com.test.MailAccess.bdd.stepdefs.LoginTest_Outlook_BDD_Steps.clickSignInBtn()
  Then User enters Username as "sa.sarvan@outlook.com" and Password as "Abinav4413" # com.test.MailAccess.bdd.stepdefs.LoginTest_Outlook_BDD_Steps.enterUserName(java.lang.String,java.lang.String,io.cucumber.java.Scenario)
      io.cucumber.core.exception.CucumberException: Step [^User enters Username as "([^"]*)" and Password as "([^"]*)"$] is defined with 3 parameters at 'com.test.MailAccess.bdd.stepdefs.LoginTest_Outlook_BDD_Steps.enterUserName(java.lang.String,java.lang.String,io.cucumber.java.Scenario)'.
However, the gherkin step has 2 arguments:
 * sa.sarvan@outlook.com
 * Abinav4413
Step text: User enters Username as "sa.sarvan@outlook.com" and Password as "Abinav4413"
	at io.cucumber.core.runner.PickleStepDefinitionMatch.arityMismatch(PickleStepDefinitionMatch.java:83)
	at io.cucumber.core.runner.PickleStepDefinitionMatch.runStep(PickleStepDefinitionMatch.java:42)
	at io.cucumber.core.runner.ExecutionMode$1.execute(ExecutionMode.java:10)
	at io.cucumber.core.runner.TestStep.executeStep(TestStep.java:84)
	at io.cucumber.core.runner.TestStep.run(TestStep.java:56)
	at io.cucumber.core.runner.PickleStepTestStep.run(PickleStepTestStep.java:51)
	at io.cucumber.core.runner.TestCase.run(TestCase.java:84)
	at io.cucumber.core.runner.Runner.runPickle(Runner.java:75)
	at io.cucumber.testng.TestNGCucumberRunner.lambda$runScenario$1(TestNGCucumberRunner.java:132)
	at io.cucumber.core.runtime.CucumberExecutionContext.lambda$runTestCase$5(CucumberExecutionContext.java:130)
	at io.cucumber.core.runtime.RethrowingThrowableCollector.executeAndThrow(RethrowingThrowableCollector.java:23)
	at io.cucumber.core.runtime.CucumberExecutionContext.runTestCase(CucumberExecutionContext.java:130)
	at io.cucumber.testng.TestNGCucumberRunner.runScenario(TestNGCucumberRunner.java:129)
	at io.cucumber.testng.AbstractTestNGCucumberTests.runScenario(AbstractTestNGCucumberTests.java:35)
	at java.base/jdk.internal.reflect.NativeMethodAccessorImpl.invoke0(Native Method)
	at java.base/jdk.internal.reflect.NativeMethodAccessorImpl.invoke(NativeMethodAccessorImpl.java:62)
	at java.base/jdk.internal.reflect.DelegatingMethodAccessorImpl.invoke(DelegatingMethodAccessorImpl.java:43)
	at java.base/java.lang.reflect.Method.invoke(Method.java:564)
	at org.testng.internal.invokers.MethodInvocationHelper.invokeMethod(MethodInvocationHelper.java:139)
	at org.testng.internal.invokers.TestInvoker.invokeMethod(TestInvoker.java:677)
	at org.testng.internal.invokers.TestInvoker.invokeTestMethod(TestInvoker.java:221)
	at org.testng.internal.invokers.MethodRunner.runInSequence(MethodRunner.java:50)
	at org.testng.internal.invokers.TestInvoker$MethodInvocationAgent.invoke(TestInvoker.java:969)
	at org.testng.internal.invokers.TestInvoker.invokeTestMethods(TestInvoker.java:194)
	at org.testng.internal.invokers.TestMethodWorker.invokeTestMethods(TestMethodWorker.java:148)
	at org.testng.internal.invokers.TestMethodWorker.run(TestMethodWorker.java:128)
	at java.base/java.util.ArrayList.forEach(ArrayList.java:1511)
	at org.testng.TestRunner.privateRun(TestRunner.java:829)
	at org.testng.TestRunner.run(TestRunner.java:602)
	at org.testng.SuiteRunner.runTest(SuiteRunner.java:437)
	at org.testng.SuiteRunner.runSequentially(SuiteRunner.java:431)
	at org.testng.SuiteRunner.privateRun(SuiteRunner.java:391)
	at org.testng.SuiteRunner.run(SuiteRunner.java:330)
	at org.testng.SuiteRunnerWorker.runSuite(SuiteRunnerWorker.java:52)
	at org.testng.SuiteRunnerWorker.run(SuiteRunnerWorker.java:95)
	at org.testng.TestNG.runSuitesSequentially(TestNG.java:1256)
	at org.testng.TestNG.runSuitesLocally(TestNG.java:1176)
	at org.testng.TestNG.runSuites(TestNG.java:1099)
	at org.testng.TestNG.run(TestNG.java:1067)
	at org.apache.maven.surefire.testng.TestNGExecutor.run(TestNGExecutor.java:151)
	at org.apache.maven.surefire.testng.TestNGDirectoryTestSuite.executeSingleClass(TestNGDirectoryTestSuite.java:111)
	at org.apache.maven.surefire.testng.TestNGDirectoryTestSuite.execute(TestNGDirectoryTestSuite.java:98)
	at org.apache.maven.surefire.testng.TestNGProvider.invoke(TestNGProvider.java:155)
	at org.apache.maven.surefire.booter.ForkedBooter.runSuitesInProcess(ForkedBooter.java:456)
	at org.apache.maven.surefire.booter.ForkedBooter.execute(ForkedBooter.java:169)
	at org.apache.maven.surefire.booter.ForkedBooter.run(ForkedBooter.java:595)
	at org.apache.maven.surefire.booter.ForkedBooter.main(ForkedBooter.java:581)


    Embedding Screenshot: [image/png 112084 bytes]

  Then User checks the page title as "Mail - Saran S - Outlook"                     # com.test.MailAccess.bdd.common.CommonLibrary_BDD.checkPageTitle(java.lang.String)
  When User clicks on Account Manager link                                          # com.test.MailAccess.bdd.stepdefs.LoginTest_Outlook_BDD_Steps.clickAccManagerLink()
  Then User checks the account name as "sa.saran@outlook.com"                       # com.test.MailAccess.bdd.stepdefs.LoginTest_Outlook_BDD_Steps.verifyAccName(java.lang.String)
  And User clicks on SignOut button                                                 # com.test.MailAccess.bdd.stepdefs.LoginTest_Outlook_BDD_Steps.clickSignOutBtn()
2023-02-02 19:41:35,778 - com.test.MailAccess.bdd.common.CommonLibrary_BDD -INFO - Quitting browser...
]]></system-out>
    <system-err><![CDATA[Starting ChromeDriver 109.0.5414.74 (e7c5703604daa9cc128ccf5a5d3e993513758913-refs/branch-heads/5414@{#1172}) on port 48037
Only local connections are allowed.
Please see https://chromedriver.chromium.org/security-considerations for suggestions on keeping ChromeDriver safe.
ChromeDriver was started successfully.
]]></system-err>
  </testcase>
</testsuite>